_jogo/VRSJ/Temp/gradleOut/launcher/build/outputs/logs/manifest-merger-release-report.txt
-- Merging decision tree log ---
manifest
ADDED from src/main/AndroidManifest.xml:3:1-6:12
INJECTED from src/main/AndroidManifest.xml:3:1-6:12
INJECTED from src/main/AndroidManifest.xml:3:1-6:12
INJECTED from src/main/AndroidManifest.xml:3:1-6:12
MERGED from [:unityLibrary] AndroidManifest.xml:2:1-80:12
MERGED from [:AndroidNFC:] AndroidManifest.xml:2:1-13:12
MERGED from [:gvr:] AndroidManifest.xml:2:1-9:12
MERGED from [:unitygvr:] AndroidManifest.xml:2:1-11:12
INJECTED from src/main/AndroidManifest.xml:3:1-6:12
INJECTED from src/main/AndroidManifest.xml:3:1-6:12
INJECTED from src/main/AndroidManifest.xml:3:1-6:12
	package
		ADDED from src/main/AndroidManifest.xml:3:70-101
		INJECTED from src/main/AndroidManifest.xml
		INJECTED from src/main/AndroidManifest.xml
	android:versionName
		INJECTED from src/main/AndroidManifest.xml
		ADDED from src/main/AndroidManifest.xml:3:1-6:12
		INJECTED from src/main/AndroidManifest.xml
	xmlns:tools
		ADDED from src/main/AndroidManifest.xml:3:102-148
	android:versionCode
		INJECTED from src/main/AndroidManifest.xml
		ADDED from src/main/AndroidManifest.xml:3:1-6:12
		INJECTED from src/main/AndroidManifest.xml
	xmlns:android
		ADDED from src/main/AndroidManifest.xml:3:11-69
	android:installLocation
		ADDED from src/main/AndroidManifest.xml:3:149-189
supports-screens
ADDED from src/main/AndroidManifest.xml:4:3-163
MERGED from [:unityLibrary] AndroidManifest.xml:13:5-18:40
MERGED from [:unityLibrary] AndroidManifest.xml:13:5-18:40
	android:largeScreens
		ADDED from src/main/AndroidManifest.xml:4:78-105
	android:smallScreens
		ADDED from src/main/AndroidManifest.xml:4:21-48
	android:normalScreens
		ADDED from src/main/AndroidManifest.xml:4:49-77
	android:xlargeScreens
		ADDED from src/main/AndroidManifest.xml:4:106-134
	android:anyDensity
		ADDED from src/main/AndroidManifest.xml:4:135-160
application
ADDED from src/main/AndroidManifest.xml:5:3-83
MERGED from [:unityLibrary] AndroidManifest.xml:39:5-78:19
MERGED from [:unityLibrary] AndroidManifest.xml:39:5-78:19
	android:label
		ADDED from src/main/AndroidManifest.xml:5:16-48
	android:hardwareAccelerated
		ADDED from [:unityLibrary] AndroidManifest.xml:40:9-43
	android:icon
		ADDED from src/main/AndroidManifest.xml:5:49-80
	android:theme
		ADDED from [:unityLibrary] AndroidManifest.xml:43:9-47
uses-sdk
INJECTED from src/main/AndroidManifest.xml reason: use-sdk injection requested
INJECTED from src/main/AndroidManifest.xml
INJECTED from src/main/AndroidManifest.xml
MERGED from [:unityLibrary] AndroidManifest.xml:9:5-11:41
MERGED from [:unityLibrary] AndroidManifest.xml:9:5-11:41
MERGED from [:AndroidNFC:] AndroidManifest.xml:7:5-9:41
MERGED from [:AndroidNFC:] AndroidManifest.xml:7:5-9:41
MERGED from [:gvr:] AndroidManifest.xml:5:5-7:41
MERGED from [:gvr:] AndroidManifest.xml:5:5-7:41
MERGED from [:unitygvr:] AndroidManifest.xml:7:5-9:41
MERGED from [:unitygvr:] AndroidManifest.xml:7:5-9:41
INJECTED from src/main/AndroidManifest.xml
INJECTED from src/main/AndroidManifest.xml
	android:targetSdkVersion
		INJECTED from src/main/AndroidManifest.xml
		ADDED from src/main/AndroidManifest.xml
		INJECTED from src/main/AndroidManifest.xml
	android:minSdkVersion
		INJECTED from src/main/AndroidManifest.xml
		ADDED from src/main/AndroidManifest.xml
		INJECTED from src/main/AndroidManifest.xml
uses-permission#android.permission.NFC
ADDED from [:unityLibrary] AndroidManifest.xml:20:5-62
MERGED from [:AndroidNFC:] AndroidManifest.xml:11:5-62
MERGED from [:AndroidNFC:] AndroidManifest.xml:11:5-62
	android:name
		ADDED from [:unityLibrary] AndroidManifest.xml:20:22-59
uses-feature#android.hardware.nfc
ADDED from [:unityLibrary] AndroidManifest.xml:22:5-24:36
	android:required
		ADDED from [:unityLibrary] AndroidManifest.xml:24:9-33
	android:name
		ADDED from [:unityLibrary] AndroidManifest.xml:23:9-44
uses-feature#0x00020000
ADDED from [:unityLibrary] AndroidManifest.xml:25:5-54
	android:glEsVersion
		ADDED from [:unityLibrary] AndroidManifest.xml:25:19-51
uses-permission#android.permission.READ_EXTERNAL_STORAGE
ADDED from [:unityLibrary] AndroidManifest.xml:27:5-80
	android:name
		ADDED from [:unityLibrary] AndroidManifest.xml:27:22-77
uses-feature#android.hardware.touchscreen
ADDED from [:unityLibrary] AndroidManifest.xml:29:5-31:36
	android:required
		ADDED from [:unityLibrary] AndroidManifest.xml:31:9-33
	android:name
		ADDED from [:unityLibrary] AndroidManifest.xml:30:9-52
uses-feature#android.hardware.touchscreen.multitouch
ADDED from [:unityLibrary] AndroidManifest.xml:32:5-34:36
	android:required
		ADDED from [:unityLibrary] AndroidManifest.xml:34:9-33
	android:name
		ADDED from [:unityLibrary] AndroidManifest.xml:33:9-63
uses-feature#android.hardware.touchscreen.multitouch.distinct
ADDED from [:unityLibrary] AndroidManifest.xml:35:5-37:36
	android:required
		ADDED from [:unityLibrary] AndroidManifest.xml:37:9-33
	android:name
		ADDED from [:unityLibrary] AndroidManifest.xml:36:9-72
activity#com.unity3d.player.UnityPlayerActivity
ADDED from [:unityLibrary] AndroidManifest.xml:44:9-61:20
	android:screenOrientation
		ADDED from [:unityLibrary] AndroidManifest.xml:50:13-51
	android:label
		ADDED from [:unityLibrary] AndroidManifest.xml:48:13-45
	android:launchMode
		ADDED from [:unityLibrary] AndroidManifest.xml:49:13-44
	android:hardwareAccelerated
		ADDED from [:unityLibrary] AndroidManifest.xml:47:13-48
	android:configChanges
		ADDED from [:unityLibrary] AndroidManifest.xml:46:13-194
	android:name
		ADDED from [:unityLibrary] AndroidManifest.xml:45:13-66
intent-filter#action:name:android.intent.action.MAIN+category:name:android.intent.category.LAUNCHER+category:name:com.google.intent.category.CARDBOARD
ADDED from [:unityLibrary] AndroidManifest.xml:51:13-56:29
action#android.intent.action.MAIN
ADDED from [:unityLibrary] AndroidManifest.xml:52:17-69
	android:name
		ADDED from [:unityLibrary] AndroidManifest.xml:52:25-66
category#android.intent.category.LAUNCHER
ADDED from [:unityLibrary] AndroidManifest.xml:54:17-77
	android:name
		ADDED from [:unityLibrary] AndroidManifest.xml:54:27-74
category#com.google.intent.category.CARDBOARD
ADDED from [:unityLibrary] AndroidManifest.xml:55:17-81
	android:name
		ADDED from [:unityLibrary] AndroidManifest.xml:55:27-78
meta-data#android.notch_support
ADDED from [:unityLibrary] AndroidManifest.xml:58:13-60:40
	android:value
		ADDED from [:unityLibrary] AndroidManifest.xml:60:17-37
	android:name
		ADDED from [:unityLibrary] AndroidManifest.xml:59:17-53
meta-data#unityplayer.SkipPermissionsDialog
ADDED from [:unityLibrary] AndroidManifest.xml:63:9-65:36
	android:value
		ADDED from [:unityLibrary] AndroidManifest.xml:65:13-33
	android:name
		ADDED from [:unityLibrary] AndroidManifest.xml:64:13-61
meta-data#unity.splash-mode
ADDED from [:unityLibrary] AndroidManifest.xml:66:9-68:33
	android:value
		ADDED from [:unityLibrary] AndroidManifest.xml:68:13-30
	android:name
		ADDED from [:unityLibrary] AndroidManifest.xml:67:13-45
meta-data#unity.splash-enable
ADDED from [:unityLibrary] AndroidManifest.xml:69:9-71:37
	android:value
		ADDED from [:unityLibrary] AndroidManifest.xml:71:13-34
	android:name
		ADDED from [:unityLibrary] AndroidManifest.xml:70:13-47
meta-data#notch.config
ADDED from [:unityLibrary] AndroidManifest.xml:72:9-74:50
	android:value
		ADDED from [:unityLibrary] AndroidManifest.xml:74:13-47
	android:name
		ADDED from [:unityLibrary] AndroidManifest.xml:73:13-40
meta-data#unity.build-id
ADDED from [:unityLibrary] AndroidManifest.xml:75:9-77:68
	android:value
		ADDED from [:unityLibrary] AndroidManifest.xml:77:13-65
	android:name
		ADDED from [:unityLibrary] AndroidManifest.xml:76:13-42